  [1m[35m (11.3ms)[0m  [1m[35mCREATE TABLE "schema_migrations" ("version" character varying PRIMARY KEY)[0m
  [1m[35m (3.8ms)[0m  [1m[35mCREATE TABLE "ar_internal_metadata" ("key" character varying PRIMARY KEY, "value" character varying, "created_at" timestamp NOT NULL, "updated_at" timestamp NOT NULL)[0m
  [1m[35m (0.8ms)[0m  [1m[34mSELECT pg_try_advisory_lock(5993762074848224460);[0m
  [1m[36mActiveRecord::SchemaMigration Load (0.6ms)[0m  [1m[34mSELECT "schema_migrations".* FROM "schema_migrations"[0m
Migrating to CreateUsers (20170130154831)
  [1m[35m (0.2ms)[0m  [1m[35mBEGIN[0m
  [1m[35m (4.9ms)[0m  [1m[35mCREATE TABLE "users" ("id" serial primary key)[0m
  [1m[35mSQL (1.5ms)[0m  [1m[32mINSERT INTO "schema_migrations" ("version") VALUES ($1) RETURNING "version"[0m  [["version", "20170130154831"]]
  [1m[35m (0.7ms)[0m  [1m[35mCOMMIT[0m
Migrating to DeviseCreateUsers (20170130162954)
  [1m[35m (0.3ms)[0m  [1m[35mBEGIN[0m
  [1m[35m (2.4ms)[0m  [1m[35mCREATE TABLE "users" ("id" serial primary key, "first_name" character varying DEFAULT '' NOT NULL, "last_name" character varying DEFAULT '' NOT NULL, "username" character varying DEFAULT '' NOT NULL, "avatar_url" character varying DEFAULT '', "admin" boolean DEFAULT 'f', "email" character varying DEFAULT '' NOT NULL, "encrypted_password" character varying DEFAULT '' NOT NULL, "reset_password_token" character varying, "reset_password_sent_at" timestamp, "remember_created_at" timestamp, "sign_in_count" integer DEFAULT 0 NOT NULL, "current_sign_in_at" timestamp, "last_sign_in_at" timestamp, "current_sign_in_ip" inet, "last_sign_in_ip" inet, "created_at" timestamp NOT NULL, "updated_at" timestamp NOT NULL)[0m
  [1m[35m (0.2ms)[0m  [1m[31mROLLBACK[0m
  [1m[35m (0.3ms)[0m  [1m[34mSELECT pg_advisory_unlock(5993762074848224460)[0m
  [1m[36mActiveRecord::SchemaMigration Load (6.1ms)[0m  [1m[34mSELECT "schema_migrations".* FROM "schema_migrations"[0m
  [1m[35m (0.2ms)[0m  [1m[34mSELECT pg_try_advisory_lock(5993762074848224460);[0m
  [1m[36mActiveRecord::SchemaMigration Load (0.2ms)[0m  [1m[34mSELECT "schema_migrations".* FROM "schema_migrations"[0m
Migrating to CreateUsers (20170130154831)
  [1m[35m (0.1ms)[0m  [1m[35mBEGIN[0m
  [1m[35m (2.6ms)[0m  [1m[35mDROP TABLE "users"[0m
  [1m[35mSQL (0.9ms)[0m  [1m[31mDELETE FROM "schema_migrations" WHERE "schema_migrations"."version" = $1[0m  [["version", "20170130154831"]]
  [1m[35m (1.2ms)[0m  [1m[35mCOMMIT[0m
  [1m[35m (0.3ms)[0m  [1m[34mSELECT pg_advisory_unlock(5993762074848224460)[0m
  [1m[36mActiveRecord::SchemaMigration Load (0.4ms)[0m  [1m[34mSELECT "schema_migrations".* FROM "schema_migrations"[0m
  [1m[35m (0.2ms)[0m  [1m[34mSELECT pg_try_advisory_lock(5993762074848224460);[0m
  [1m[36mActiveRecord::SchemaMigration Load (0.5ms)[0m  [1m[34mSELECT "schema_migrations".* FROM "schema_migrations"[0m
Migrating to CreateUsers (20170130154831)
  [1m[35m (0.3ms)[0m  [1m[35mBEGIN[0m
  [1m[35m (8.6ms)[0m  [1m[35mCREATE TABLE "users" ("id" serial primary key)[0m
  [1m[35mSQL (0.5ms)[0m  [1m[32mINSERT INTO "schema_migrations" ("version") VALUES ($1) RETURNING "version"[0m  [["version", "20170130154831"]]
  [1m[35m (0.5ms)[0m  [1m[35mCOMMIT[0m
Migrating to DeviseCreateUsers (20170130162954)
  [1m[35m (0.6ms)[0m  [1m[35mBEGIN[0m
  [1m[35m (2.7ms)[0m  [1m[35mCREATE TABLE "users" ("id" serial primary key, "first_name" character varying DEFAULT '' NOT NULL, "last_name" character varying DEFAULT '' NOT NULL, "username" character varying DEFAULT '' NOT NULL, "avatar_url" character varying DEFAULT '', "admin" boolean DEFAULT 'f', "email" character varying DEFAULT '' NOT NULL, "encrypted_password" character varying DEFAULT '' NOT NULL, "reset_password_token" character varying, "reset_password_sent_at" timestamp, "remember_created_at" timestamp, "sign_in_count" integer DEFAULT 0 NOT NULL, "current_sign_in_at" timestamp, "last_sign_in_at" timestamp, "current_sign_in_ip" inet, "last_sign_in_ip" inet, "created_at" timestamp NOT NULL, "updated_at" timestamp NOT NULL)[0m
  [1m[35m (0.2ms)[0m  [1m[31mROLLBACK[0m
  [1m[35m (0.3ms)[0m  [1m[34mSELECT pg_advisory_unlock(5993762074848224460)[0m
  [1m[36mActiveRecord::SchemaMigration Load (0.5ms)[0m  [1m[34mSELECT "schema_migrations".* FROM "schema_migrations"[0m
  [1m[35m (0.5ms)[0m  [1m[34mSELECT "ar_internal_metadata"."value" FROM "ar_internal_metadata" WHERE "ar_internal_metadata"."key" = $1[0m  [["key", :environment]]
  [1m[36mActiveRecord::InternalMetadata Load (0.4ms)[0m  [1m[34mSELECT  "ar_internal_metadata".* FROM "ar_internal_metadata" WHERE "ar_internal_metadata"."key" = $1 LIMIT $2[0m  [["key", :environment], ["LIMIT", 1]]
  [1m[35m (0.1ms)[0m  [1m[35mBEGIN[0m
  [1m[35mSQL (6.4ms)[0m  [1m[32mINSERT INTO "ar_internal_metadata" ("key", "value", "created_at", "updated_at") VALUES ($1, $2, $3, $4) RETURNING "key"[0m  [["key", "environment"], ["value", "development"], ["created_at", 2017-01-30 16:37:50 UTC], ["updated_at", 2017-01-30 16:37:50 UTC]]
  [1m[35m (0.7ms)[0m  [1m[35mCOMMIT[0m
  [1m[36mActiveRecord::SchemaMigration Load (0.5ms)[0m  [1m[34mSELECT "schema_migrations".* FROM "schema_migrations"[0m
  [1m[35m (0.3ms)[0m  [1m[34mSELECT "ar_internal_metadata"."value" FROM "ar_internal_metadata" WHERE "ar_internal_metadata"."key" = $1[0m  [["key", :environment]]
  [1m[36mActiveRecord::SchemaMigration Load (0.2ms)[0m  [1m[34mSELECT "schema_migrations".* FROM "schema_migrations"[0m
  [1m[35m (0.2ms)[0m  [1m[34mSELECT "ar_internal_metadata"."value" FROM "ar_internal_metadata" WHERE "ar_internal_metadata"."key" = $1[0m  [["key", :environment]]
  [1m[36mActiveRecord::SchemaMigration Load (0.2ms)[0m  [1m[34mSELECT "schema_migrations".* FROM "schema_migrations"[0m
  [1m[35m (0.2ms)[0m  [1m[34mSELECT "ar_internal_metadata"."value" FROM "ar_internal_metadata" WHERE "ar_internal_metadata"."key" = $1[0m  [["key", :environment]]
  [1m[35m (133.8ms)[0m  [1m[35mDROP DATABASE IF EXISTS "sound_bug_development"[0m
  [1m[35m (125.3ms)[0m  [1m[35mDROP DATABASE IF EXISTS "sound_bug_test"[0m
  [1m[35m (5.1ms)[0m  [1m[35mCREATE TABLE "schema_migrations" ("version" character varying PRIMARY KEY)[0m
  [1m[35m (3.8ms)[0m  [1m[35mCREATE TABLE "ar_internal_metadata" ("key" character varying PRIMARY KEY, "value" character varying, "created_at" timestamp NOT NULL, "updated_at" timestamp NOT NULL)[0m
  [1m[35m (0.2ms)[0m  [1m[34mSELECT pg_try_advisory_lock(5993762074848224460);[0m
  [1m[36mActiveRecord::SchemaMigration Load (0.6ms)[0m  [1m[34mSELECT "schema_migrations".* FROM "schema_migrations"[0m
Migrating to CreateUsers (20170130154831)
  [1m[35m (0.1ms)[0m  [1m[35mBEGIN[0m
  [1m[35m (2.7ms)[0m  [1m[35mCREATE TABLE "users" ("id" serial primary key)[0m
  [1m[35mSQL (0.6ms)[0m  [1m[32mINSERT INTO "schema_migrations" ("version") VALUES ($1) RETURNING "version"[0m  [["version", "20170130154831"]]
  [1m[35m (0.4ms)[0m  [1m[35mCOMMIT[0m
Migrating to DeviseCreateUsers (20170130162954)
  [1m[35m (0.2ms)[0m  [1m[35mBEGIN[0m
  [1m[35m (2.4ms)[0m  [1m[35mCREATE TABLE "users" ("id" serial primary key, "first_name" character varying DEFAULT '' NOT NULL, "last_name" character varying DEFAULT '' NOT NULL, "username" character varying DEFAULT '' NOT NULL, "avatar_url" character varying DEFAULT '', "admin" boolean DEFAULT 'f', "email" character varying DEFAULT '' NOT NULL, "encrypted_password" character varying DEFAULT '' NOT NULL, "reset_password_token" character varying, "reset_password_sent_at" timestamp, "remember_created_at" timestamp, "sign_in_count" integer DEFAULT 0 NOT NULL, "current_sign_in_at" timestamp, "last_sign_in_at" timestamp, "current_sign_in_ip" inet, "last_sign_in_ip" inet, "created_at" timestamp NOT NULL, "updated_at" timestamp NOT NULL)[0m
  [1m[35m (0.1ms)[0m  [1m[31mROLLBACK[0m
  [1m[35m (0.3ms)[0m  [1m[34mSELECT pg_advisory_unlock(5993762074848224460)[0m
  [1m[36mActiveRecord::SchemaMigration Load (0.5ms)[0m  [1m[34mSELECT "schema_migrations".* FROM "schema_migrations"[0m
  [1m[35m (0.3ms)[0m  [1m[34mSELECT "ar_internal_metadata"."value" FROM "ar_internal_metadata" WHERE "ar_internal_metadata"."key" = $1[0m  [["key", :environment]]
  [1m[36mActiveRecord::InternalMetadata Load (0.4ms)[0m  [1m[34mSELECT  "ar_internal_metadata".* FROM "ar_internal_metadata" WHERE "ar_internal_metadata"."key" = $1 LIMIT $2[0m  [["key", :environment], ["LIMIT", 1]]
  [1m[35m (0.1ms)[0m  [1m[35mBEGIN[0m
  [1m[35mSQL (0.5ms)[0m  [1m[32mINSERT INTO "ar_internal_metadata" ("key", "value", "created_at", "updated_at") VALUES ($1, $2, $3, $4) RETURNING "key"[0m  [["key", "environment"], ["value", "development"], ["created_at", 2017-01-30 16:49:11 UTC], ["updated_at", 2017-01-30 16:49:11 UTC]]
  [1m[35m (5.7ms)[0m  [1m[35mCOMMIT[0m
  [1m[36mActiveRecord::SchemaMigration Load (0.5ms)[0m  [1m[34mSELECT "schema_migrations".* FROM "schema_migrations"[0m
  [1m[35m (0.3ms)[0m  [1m[34mSELECT "ar_internal_metadata"."value" FROM "ar_internal_metadata" WHERE "ar_internal_metadata"."key" = $1[0m  [["key", :environment]]
  [1m[36mActiveRecord::SchemaMigration Load (0.2ms)[0m  [1m[34mSELECT "schema_migrations".* FROM "schema_migrations"[0m
  [1m[35m (0.2ms)[0m  [1m[34mSELECT "ar_internal_metadata"."value" FROM "ar_internal_metadata" WHERE "ar_internal_metadata"."key" = $1[0m  [["key", :environment]]
  [1m[36mActiveRecord::SchemaMigration Load (0.2ms)[0m  [1m[34mSELECT "schema_migrations".* FROM "schema_migrations"[0m
  [1m[35m (0.2ms)[0m  [1m[34mSELECT "ar_internal_metadata"."value" FROM "ar_internal_metadata" WHERE "ar_internal_metadata"."key" = $1[0m  [["key", :environment]]
  [1m[35m (125.6ms)[0m  [1m[35mDROP DATABASE IF EXISTS "sound_bug_development"[0m
  [1m[35m (123.2ms)[0m  [1m[35mDROP DATABASE IF EXISTS "sound_bug_test"[0m
  [1m[35m (5.2ms)[0m  [1m[35mCREATE TABLE "schema_migrations" ("version" character varying PRIMARY KEY)[0m
  [1m[35m (3.5ms)[0m  [1m[35mCREATE TABLE "ar_internal_metadata" ("key" character varying PRIMARY KEY, "value" character varying, "created_at" timestamp NOT NULL, "updated_at" timestamp NOT NULL)[0m
  [1m[35m (0.2ms)[0m  [1m[34mSELECT pg_try_advisory_lock(5993762074848224460);[0m
  [1m[36mActiveRecord::SchemaMigration Load (0.4ms)[0m  [1m[34mSELECT "schema_migrations".* FROM "schema_migrations"[0m
Migrating to DeviseCreateUsers (20170130162954)
  [1m[35m (0.1ms)[0m  [1m[35mBEGIN[0m
  [1m[35m (4.5ms)[0m  [1m[35mCREATE TABLE "users" ("id" serial primary key, "email" character varying DEFAULT '' NOT NULL, "encrypted_password" character varying DEFAULT '' NOT NULL, "reset_password_token" character varying, "reset_password_sent_at" timestamp, "remember_created_at" timestamp, "sign_in_count" integer DEFAULT 0 NOT NULL, "current_sign_in_at" timestamp, "last_sign_in_at" timestamp, "current_sign_in_ip" inet, "last_sign_in_ip" inet, "created_at" timestamp NOT NULL, "updated_at" timestamp NOT NULL)[0m
  [1m[35m (1.0ms)[0m  [1m[35mCREATE UNIQUE INDEX  "index_users_on_email" ON "users"  ("email")[0m
  [1m[35m (0.9ms)[0m  [1m[35mCREATE UNIQUE INDEX  "index_users_on_reset_password_token" ON "users"  ("reset_password_token")[0m
  [1m[35mSQL (0.4ms)[0m  [1m[32mINSERT INTO "schema_migrations" ("version") VALUES ($1) RETURNING "version"[0m  [["version", "20170130162954"]]
  [1m[35m (0.6ms)[0m  [1m[35mCOMMIT[0m
  [1m[36mActiveRecord::InternalMetadata Load (0.4ms)[0m  [1m[34mSELECT  "ar_internal_metadata".* FROM "ar_internal_metadata" WHERE "ar_internal_metadata"."key" = $1 LIMIT $2[0m  [["key", :environment], ["LIMIT", 1]]
  [1m[35m (0.1ms)[0m  [1m[35mBEGIN[0m
  [1m[35mSQL (0.5ms)[0m  [1m[32mINSERT INTO "ar_internal_metadata" ("key", "value", "created_at", "updated_at") VALUES ($1, $2, $3, $4) RETURNING "key"[0m  [["key", "environment"], ["value", "development"], ["created_at", 2017-01-30 16:50:36 UTC], ["updated_at", 2017-01-30 16:50:36 UTC]]
  [1m[35m (0.5ms)[0m  [1m[35mCOMMIT[0m
  [1m[35m (0.3ms)[0m  [1m[34mSELECT pg_advisory_unlock(5993762074848224460)[0m
  [1m[36mActiveRecord::SchemaMigration Load (0.2ms)[0m  [1m[34mSELECT "schema_migrations".* FROM "schema_migrations"[0m
  [1m[36mActiveRecord::SchemaMigration Load (0.5ms)[0m  [1m[34mSELECT "schema_migrations".* FROM "schema_migrations"[0m
  [1m[35m (0.3ms)[0m  [1m[34mSELECT pg_try_advisory_lock(5993762074848224460);[0m
  [1m[36mActiveRecord::SchemaMigration Load (0.3ms)[0m  [1m[34mSELECT "schema_migrations".* FROM "schema_migrations"[0m
Migrating to DeviseCreateUsers (20170130162954)
  [1m[35m (0.1ms)[0m  [1m[35mBEGIN[0m
  [1m[35m (0.9ms)[0m  [1m[35mDROP INDEX  "index_users_on_reset_password_token"[0m
  [1m[35m (0.3ms)[0m  [1m[35mDROP INDEX  "index_users_on_email"[0m
  [1m[35m (1.7ms)[0m  [1m[35mDROP TABLE "users"[0m
  [1m[35mSQL (0.6ms)[0m  [1m[31mDELETE FROM "schema_migrations" WHERE "schema_migrations"."version" = $1[0m  [["version", "20170130162954"]]
  [1m[35m (6.4ms)[0m  [1m[35mCOMMIT[0m
  [1m[35m (0.4ms)[0m  [1m[34mSELECT pg_advisory_unlock(5993762074848224460)[0m
  [1m[36mActiveRecord::SchemaMigration Load (0.3ms)[0m  [1m[34mSELECT "schema_migrations".* FROM "schema_migrations"[0m
  [1m[35m (0.2ms)[0m  [1m[34mSELECT pg_try_advisory_lock(5993762074848224460);[0m
  [1m[36mActiveRecord::SchemaMigration Load (0.4ms)[0m  [1m[34mSELECT "schema_migrations".* FROM "schema_migrations"[0m
Migrating to DeviseCreateUsers (20170130162954)
  [1m[35m (0.1ms)[0m  [1m[35mBEGIN[0m
  [1m[35m (11.0ms)[0m  [1m[35mCREATE TABLE "users" ("id" serial primary key, "email" character varying DEFAULT '' NOT NULL, "encrypted_password" character varying DEFAULT '' NOT NULL, "reset_password_token" character varying, "reset_password_sent_at" timestamp, "remember_created_at" timestamp, "sign_in_count" integer DEFAULT 0 NOT NULL, "current_sign_in_at" timestamp, "last_sign_in_at" timestamp, "current_sign_in_ip" inet, "last_sign_in_ip" inet, "created_at" timestamp NOT NULL, "updated_at" timestamp NOT NULL)[0m
  [1m[35m (1.4ms)[0m  [1m[35mCREATE UNIQUE INDEX  "index_users_on_email" ON "users"  ("email")[0m
  [1m[35m (1.4ms)[0m  [1m[35mCREATE UNIQUE INDEX  "index_users_on_reset_password_token" ON "users"  ("reset_password_token")[0m
  [1m[35mSQL (0.9ms)[0m  [1m[32mINSERT INTO "schema_migrations" ("version") VALUES ($1) RETURNING "version"[0m  [["version", "20170130162954"]]
  [1m[35m (0.6ms)[0m  [1m[35mCOMMIT[0m
  [1m[36mActiveRecord::InternalMetadata Load (0.5ms)[0m  [1m[34mSELECT  "ar_internal_metadata".* FROM "ar_internal_metadata" WHERE "ar_internal_metadata"."key" = $1 LIMIT $2[0m  [["key", :environment], ["LIMIT", 1]]
  [1m[35m (0.2ms)[0m  [1m[35mBEGIN[0m
  [1m[35m (0.1ms)[0m  [1m[35mCOMMIT[0m
  [1m[35m (0.2ms)[0m  [1m[34mSELECT pg_advisory_unlock(5993762074848224460)[0m
  [1m[36mActiveRecord::SchemaMigration Load (0.4ms)[0m  [1m[34mSELECT "schema_migrations".* FROM "schema_migrations"[0m
  [1m[35m (0.2ms)[0m  [1m[34mSELECT pg_try_advisory_lock(5993762074848224460);[0m
  [1m[36mActiveRecord::SchemaMigration Load (0.6ms)[0m  [1m[34mSELECT "schema_migrations".* FROM "schema_migrations"[0m
Migrating to AddNamesToUsers (20170130175833)
  [1m[35m (0.2ms)[0m  [1m[35mBEGIN[0m
  [1m[35m (2.6ms)[0m  [1m[35mALTER TABLE "users" ADD "first_name" character varying NOT NULL[0m
  [1m[35m (0.4ms)[0m  [1m[35mALTER TABLE "users" ADD "last_name" character varying NOT NULL[0m
  [1m[35m (0.3ms)[0m  [1m[35mALTER TABLE "users" ADD "username" character varying NOT NULL[0m
  [1m[35mSQL (0.4ms)[0m  [1m[32mINSERT INTO "schema_migrations" ("version") VALUES ($1) RETURNING "version"[0m  [["version", "20170130175833"]]
  [1m[35m (1.2ms)[0m  [1m[35mCOMMIT[0m
  [1m[36mActiveRecord::InternalMetadata Load (0.5ms)[0m  [1m[34mSELECT  "ar_internal_metadata".* FROM "ar_internal_metadata" WHERE "ar_internal_metadata"."key" = $1 LIMIT $2[0m  [["key", :environment], ["LIMIT", 1]]
  [1m[35m (0.3ms)[0m  [1m[35mBEGIN[0m
  [1m[35m (0.3ms)[0m  [1m[35mCOMMIT[0m
  [1m[35m (0.6ms)[0m  [1m[34mSELECT pg_advisory_unlock(5993762074848224460)[0m
  [1m[36mActiveRecord::SchemaMigration Load (0.6ms)[0m  [1m[34mSELECT "schema_migrations".* FROM "schema_migrations"[0m
  [1m[36mActiveRecord::SchemaMigration Load (0.6ms)[0m  [1m[34mSELECT "schema_migrations".* FROM "schema_migrations"[0m
  [1m[35m (0.3ms)[0m  [1m[34mSELECT pg_try_advisory_lock(5993762074848224460);[0m
  [1m[36mActiveRecord::SchemaMigration Load (0.4ms)[0m  [1m[34mSELECT "schema_migrations".* FROM "schema_migrations"[0m
Migrating to AddNamesToUsers (20170130175833)
  [1m[35m (0.4ms)[0m  [1m[35mBEGIN[0m
  [1m[35m (2.0ms)[0m  [1m[35mALTER TABLE "users" DROP "username"[0m
  [1m[35m (0.4ms)[0m  [1m[35mALTER TABLE "users" DROP "last_name"[0m
  [1m[35m (0.3ms)[0m  [1m[35mALTER TABLE "users" DROP "first_name"[0m
  [1m[35mSQL (0.9ms)[0m  [1m[31mDELETE FROM "schema_migrations" WHERE "schema_migrations"."version" = $1[0m  [["version", "20170130175833"]]
  [1m[35m (0.6ms)[0m  [1m[35mCOMMIT[0m
  [1m[35m (0.3ms)[0m  [1m[34mSELECT pg_advisory_unlock(5993762074848224460)[0m
  [1m[36mActiveRecord::SchemaMigration Load (0.3ms)[0m  [1m[34mSELECT "schema_migrations".* FROM "schema_migrations"[0m
  [1m[35m (0.3ms)[0m  [1m[34mSELECT pg_try_advisory_lock(5993762074848224460);[0m
  [1m[36mActiveRecord::SchemaMigration Load (0.6ms)[0m  [1m[34mSELECT "schema_migrations".* FROM "schema_migrations"[0m
Migrating to AddNamesToUsers (20170130175833)
  [1m[35m (0.3ms)[0m  [1m[35mBEGIN[0m
  [1m[35m (0.8ms)[0m  [1m[35mALTER TABLE "users" ADD "first_name" character varying NOT NULL[0m
  [1m[35m (0.4ms)[0m  [1m[35mALTER TABLE "users" ADD "last_name" character varying NOT NULL[0m
  [1m[35m (0.4ms)[0m  [1m[35mALTER TABLE "users" ADD "username" character varying NOT NULL[0m
  [1m[35mSQL (0.5ms)[0m  [1m[32mINSERT INTO "schema_migrations" ("version") VALUES ($1) RETURNING "version"[0m  [["version", "20170130175833"]]
  [1m[35m (2.1ms)[0m  [1m[35mCOMMIT[0m
  [1m[36mActiveRecord::InternalMetadata Load (0.4ms)[0m  [1m[34mSELECT  "ar_internal_metadata".* FROM "ar_internal_metadata" WHERE "ar_internal_metadata"."key" = $1 LIMIT $2[0m  [["key", :environment], ["LIMIT", 1]]
  [1m[35m (0.2ms)[0m  [1m[35mBEGIN[0m
  [1m[35m (0.2ms)[0m  [1m[35mCOMMIT[0m
  [1m[35m (0.3ms)[0m  [1m[34mSELECT pg_advisory_unlock(5993762074848224460)[0m
  [1m[36mActiveRecord::SchemaMigration Load (0.3ms)[0m  [1m[34mSELECT "schema_migrations".* FROM "schema_migrations"[0m
  [1m[36mActiveRecord::SchemaMigration Load (0.6ms)[0m  [1m[34mSELECT "schema_migrations".* FROM "schema_migrations"[0m
  [1m[35m (0.3ms)[0m  [1m[34mSELECT pg_try_advisory_lock(5993762074848224460);[0m
  [1m[36mActiveRecord::SchemaMigration Load (0.2ms)[0m  [1m[34mSELECT "schema_migrations".* FROM "schema_migrations"[0m
Migrating to AddNamesToUsers (20170130175833)
  [1m[35m (0.2ms)[0m  [1m[35mBEGIN[0m
  [1m[35m (1.1ms)[0m  [1m[35mALTER TABLE "users" DROP "username"[0m
  [1m[35m (0.3ms)[0m  [1m[35mALTER TABLE "users" DROP "last_name"[0m
  [1m[35m (0.3ms)[0m  [1m[35mALTER TABLE "users" DROP "first_name"[0m
  [1m[35mSQL (0.9ms)[0m  [1m[31mDELETE FROM "schema_migrations" WHERE "schema_migrations"."version" = $1[0m  [["version", "20170130175833"]]
  [1m[35m (5.6ms)[0m  [1m[35mCOMMIT[0m
  [1m[35m (0.3ms)[0m  [1m[34mSELECT pg_advisory_unlock(5993762074848224460)[0m
  [1m[36mActiveRecord::SchemaMigration Load (0.4ms)[0m  [1m[34mSELECT "schema_migrations".* FROM "schema_migrations"[0m
  [1m[35m (0.4ms)[0m  [1m[34mSELECT pg_try_advisory_lock(5993762074848224460);[0m
  [1m[36mActiveRecord::SchemaMigration Load (0.7ms)[0m  [1m[34mSELECT "schema_migrations".* FROM "schema_migrations"[0m
Migrating to AddNamesToUsers (20170130175833)
  [1m[35m (0.2ms)[0m  [1m[35mBEGIN[0m
  [1m[35m (16.9ms)[0m  [1m[35mALTER TABLE "users" ADD "first_name" character varying DEFAULT '' NOT NULL[0m
  [1m[35m (5.7ms)[0m  [1m[35mALTER TABLE "users" ADD "last_name" character varying DEFAULT '' NOT NULL[0m
  [1m[35m (6.2ms)[0m  [1m[35mALTER TABLE "users" ADD "username" character varying DEFAULT '' NOT NULL[0m
  [1m[35mSQL (0.6ms)[0m  [1m[32mINSERT INTO "schema_migrations" ("version") VALUES ($1) RETURNING "version"[0m  [["version", "20170130175833"]]
  [1m[35m (2.4ms)[0m  [1m[35mCOMMIT[0m
  [1m[36mActiveRecord::InternalMetadata Load (0.8ms)[0m  [1m[34mSELECT  "ar_internal_metadata".* FROM "ar_internal_metadata" WHERE "ar_internal_metadata"."key" = $1 LIMIT $2[0m  [["key", :environment], ["LIMIT", 1]]
  [1m[35m (0.6ms)[0m  [1m[35mBEGIN[0m
  [1m[35m (0.1ms)[0m  [1m[35mCOMMIT[0m
  [1m[35m (0.3ms)[0m  [1m[34mSELECT pg_advisory_unlock(5993762074848224460)[0m
  [1m[36mActiveRecord::SchemaMigration Load (0.4ms)[0m  [1m[34mSELECT "schema_migrations".* FROM "schema_migrations"[0m
  [1m[36mActiveRecord::SchemaMigration Load (0.6ms)[0m  [1m[34mSELECT "schema_migrations".* FROM "schema_migrations"[0m
  [1m[35m (0.4ms)[0m  [1m[34mSELECT pg_try_advisory_lock(5993762074848224460);[0m
  [1m[36mActiveRecord::SchemaMigration Load (0.3ms)[0m  [1m[34mSELECT "schema_migrations".* FROM "schema_migrations"[0m
Migrating to AddNamesToUsers (20170130175833)
  [1m[35m (0.2ms)[0m  [1m[35mBEGIN[0m
  [1m[35m (1.5ms)[0m  [1m[35mALTER TABLE "users" DROP "username"[0m
  [1m[35m (0.6ms)[0m  [1m[35mALTER TABLE "users" DROP "last_name"[0m
  [1m[35m (0.5ms)[0m  [1m[35mALTER TABLE "users" DROP "first_name"[0m
  [1m[35mSQL (0.9ms)[0m  [1m[31mDELETE FROM "schema_migrations" WHERE "schema_migrations"."version" = $1[0m  [["version", "20170130175833"]]
  [1m[35m (5.7ms)[0m  [1m[35mCOMMIT[0m
  [1m[35m (0.6ms)[0m  [1m[34mSELECT pg_advisory_unlock(5993762074848224460)[0m
  [1m[36mActiveRecord::SchemaMigration Load (0.6ms)[0m  [1m[34mSELECT "schema_migrations".* FROM "schema_migrations"[0m
  [1m[35m (0.2ms)[0m  [1m[34mSELECT pg_try_advisory_lock(5993762074848224460);[0m
  [1m[36mActiveRecord::SchemaMigration Load (0.6ms)[0m  [1m[34mSELECT "schema_migrations".* FROM "schema_migrations"[0m
Migrating to AddNamesToUsers (20170130175833)
  [1m[35m (0.2ms)[0m  [1m[35mBEGIN[0m
  [1m[35m (13.1ms)[0m  [1m[35mALTER TABLE "users" ADD "first_name" character varying DEFAULT '' NOT NULL[0m
  [1m[35m (8.3ms)[0m  [1m[35mALTER TABLE "users" ADD "last_name" character varying DEFAULT '' NOT NULL[0m
  [1m[35m (6.4ms)[0m  [1m[35mALTER TABLE "users" ADD "username" character varying DEFAULT '' NOT NULL[0m
  [1m[35mSQL (0.6ms)[0m  [1m[32mINSERT INTO "schema_migrations" ("version") VALUES ($1) RETURNING "version"[0m  [["version", "20170130175833"]]
  [1m[35m (2.6ms)[0m  [1m[35mCOMMIT[0m
  [1m[36mActiveRecord::InternalMetadata Load (0.5ms)[0m  [1m[34mSELECT  "ar_internal_metadata".* FROM "ar_internal_metadata" WHERE "ar_internal_metadata"."key" = $1 LIMIT $2[0m  [["key", :environment], ["LIMIT", 1]]
  [1m[35m (0.3ms)[0m  [1m[35mBEGIN[0m
  [1m[35m (0.2ms)[0m  [1m[35mCOMMIT[0m
  [1m[35m (0.4ms)[0m  [1m[34mSELECT pg_advisory_unlock(5993762074848224460)[0m
  [1m[36mActiveRecord::SchemaMigration Load (1.1ms)[0m  [1m[34mSELECT "schema_migrations".* FROM "schema_migrations"[0m
